# JRE version: OpenJDK Runtime Environment Temurin-17.0.4.1+1 (17.0.4.1+1) (build 17.0.4.1+1)
# Java VM: OpenJDK 64-Bit Server VM Temurin-17.0.4.1+1 (17.0.4.1+1, mixed mode, tiered, compressed oops, compressed class ptrs, g1 gc, windows-amd64)
GC Precious Log:
 CPUs: 4 total, 4 available
 Memory: 7619M
 Large Page Support: Disabled
 NUMA Support: Disabled
 Compressed Oops: Enabled (32-bit)
 Heap Region Size: 1M
 Heap Min Capacity: 8M
 Heap Initial Capacity: 120M
 Heap Max Capacity: 1906M
 Pre-touch: Disabled
 Parallel Workers: 4
 Concurrent Workers: 1
 Concurrent Refinement Workers: 4
 Periodic GC: Disabled
Heap:
 garbage-first heap   total 37888K, used 23329K [0x0000000088e00000, 0x0000000100000000)
  region size 1024K, 15 young (15360K), 3 survivors (3072K)
 Metaspace       used 31381K, committed 31680K, reserved 1081344K
  class space    used 3823K, committed 3968K, reserved 1048576K
GC Heap History (14 events):
Event: 2.436 GC heap before
{Heap before GC invocations=0 (full 0):
 garbage-first heap   total 122880K, used 14336K [0x0000000088e00000, 0x0000000100000000)
  region size 1024K, 13 young (13312K), 0 survivors (0K)
 Metaspace       used 9720K, committed 9920K, reserved 1064960K
  class space    used 981K, committed 1088K, reserved 1048576K
}
Event: 2.447 GC heap after
{Heap after GC invocations=1 (full 0):
 garbage-first heap   total 122880K, used 5993K [0x0000000088e00000, 0x0000000100000000)
  region size 1024K, 2 young (2048K), 2 survivors (2048K)
 Metaspace       used 9720K, committed 9920K, reserved 1064960K
  class space    used 981K, committed 1088K, reserved 1048576K
}
Event: 3.194 GC heap before
{Heap before GC invocations=1 (full 0):
 garbage-first heap   total 122880K, used 16233K [0x0000000088e00000, 0x0000000100000000)
  region size 1024K, 12 young (12288K), 2 survivors (2048K)
 Metaspace       used 13285K, committed 13440K, reserved 1064960K
  class space    used 1418K, committed 1472K, reserved 1048576K
}
Event: 3.200 GC heap after
{Heap after GC invocations=2 (full 0):
 garbage-first heap   total 122880K, used 6817K [0x0000000088e00000, 0x0000000100000000)
  region size 1024K, 1 young (1024K), 1 survivors (1024K)
 Metaspace       used 13285K, committed 13440K, reserved 1064960K
  class space    used 1418K, committed 1472K, reserved 1048576K
}
Event: 4.747 GC heap before
{Heap before GC invocations=2 (full 0):
 garbage-first heap   total 122880K, used 33441K [0x0000000088e00000, 0x0000000100000000)
  region size 1024K, 28 young (28672K), 1 survivors (1024K)
 Metaspace       used 20695K, committed 20864K, reserved 1073152K
  class space    used 2358K, committed 2432K, reserved 1048576K
}
Event: 4.754 GC heap after
{Heap after GC invocations=3 (full 0):
 garbage-first heap   total 122880K, used 8254K [0x0000000088e00000, 0x0000000100000000)
  region size 1024K, 3 young (3072K), 3 survivors (3072K)
 Metaspace       used 20695K, committed 20864K, reserved 1073152K
  class space    used 2358K, committed 2432K, reserved 1048576K
}
Event: 4.845 GC heap before
{Heap before GC invocations=3 (full 0):
 garbage-first heap   total 122880K, used 10302K [0x0000000088e00000, 0x0000000100000000)
  region size 1024K, 6 young (6144K), 3 survivors (3072K)
 Metaspace       used 21319K, committed 21504K, reserved 1073152K
  class space    used 2453K, committed 2560K, reserved 1048576K
}
Event: 4.851 GC heap after
{Heap after GC invocations=4 (full 0):
 garbage-first heap   total 122880K, used 8448K [0x0000000088e00000, 0x0000000100000000)
  region size 1024K, 3 young (3072K), 3 survivors (3072K)
 Metaspace       used 21319K, committed 21504K, reserved 1073152K
  class space    used 2453K, committed 2560K, reserved 1048576K
}
Event: 6.620 GC heap before
{Heap before GC invocations=5 (full 0):
 garbage-first heap   total 37888K, used 27904K [0x0000000088e00000, 0x0000000100000000)
  region size 1024K, 22 young (22528K), 3 survivors (3072K)
 Metaspace       used 24092K, committed 24320K, reserved 1073152K
  class space    used 2780K, committed 2880K, reserved 1048576K
}
Event: 6.630 GC heap after
{Heap after GC invocations=6 (full 0):
 garbage-first heap   total 37888K, used 10219K [0x0000000088e00000, 0x0000000100000000)
  region size 1024K, 2 young (2048K), 2 survivors (2048K)
 Metaspace       used 24092K, committed 24320K, reserved 1073152K
  class space    used 2780K, committed 2880K, reserved 1048576K
}
Event: 8.562 GC heap before
{Heap before GC invocations=6 (full 0):
 garbage-first heap   total 37888K, used 24555K [0x0000000088e00000, 0x0000000100000000)
  region size 1024K, 17 young (17408K), 2 survivors (2048K)
 Metaspace       used 26052K, committed 26240K, reserved 1073152K
  class space    used 3036K, committed 3136K, reserved 1048576K
}
Event: 8.570 GC heap after
{Heap after GC invocations=7 (full 0):
 garbage-first heap   total 37888K, used 10866K [0x0000000088e00000, 0x0000000100000000)
  region size 1024K, 2 young (2048K), 2 survivors (2048K)
 Metaspace       used 26052K, committed 26240K, reserved 1073152K
  class space    used 3036K, committed 3136K, reserved 1048576K
}
Event: 13.133 GC heap before
{Heap before GC invocations=7 (full 0):
 garbage-first heap   total 37888K, used 26226K [0x0000000088e00000, 0x0000000100000000)
  region size 1024K, 17 young (17408K), 2 survivors (2048K)
 Metaspace       used 28645K, committed 28928K, reserved 1081344K
  class space    used 3411K, committed 3520K, reserved 1048576K
}
Event: 13.139 GC heap after
{Heap after GC invocations=8 (full 0):
 garbage-first heap   total 37888K, used 12065K [0x0000000088e00000, 0x0000000100000000)
  region size 1024K, 3 young (3072K), 3 survivors (3072K)
 Metaspace       used 28645K, committed 28928K, reserved 1081344K
  class space    used 3411K, committed 3520K, reserved 1048576K
}

