# JRE version: OpenJDK Runtime Environment Temurin-17.0.4.1+1 (17.0.4.1+1) (build 17.0.4.1+1)
# Java VM: OpenJDK 64-Bit Server VM Temurin-17.0.4.1+1 (17.0.4.1+1, mixed mode, tiered, compressed oops, compressed class ptrs, parallel gc, windows-amd64)
GC Precious Log:
 CPUs: 4 total, 4 available
 Memory: 7619M
 Large Page Support: Disabled
 NUMA Support: Disabled
 Compressed Oops: Enabled (32-bit)
 Alignments: Space 512K, Generation 512K, Heap 2M
 Heap Min Capacity: 100M
 Heap Initial Capacity: 100M
 Heap Max Capacity: 1G
 Pre-touch: Disabled
 Parallel Workers: 4
Heap:
 PSYoungGen      total 6144K, used 3071K [0x00000000eab00000, 0x00000000eb480000, 0x0000000100000000)
  eden space 3072K, 99% used [0x00000000eab00000,0x00000000eadfffd8,0x00000000eae00000)
  from space 3072K, 0% used [0x00000000eae00000,0x00000000eae00000,0x00000000eb100000)
  to   space 3072K, 0% used [0x00000000eb180000,0x00000000eb180000,0x00000000eb480000)
 ParOldGen       total 193536K, used 193283K [0x00000000c0000000, 0x00000000eab00000, 0x00000000eab00000)
  object space 193536K, 99% used [0x00000000c0000000,0x00000000cbcc0f80,0x00000000cbd00000)
 Metaspace       used 84217K, committed 85504K, reserved 1130496K
  class space    used 8648K, committed 9280K, reserved 1048576K
GC Heap History (20 events):
Event: 1381.155 GC heap after
{Heap after GC invocations=3951 (full 783):
 PSYoungGen      total 6144K, used 3071K [0x00000000eab00000, 0x00000000eb480000, 0x0000000100000000)
  eden space 3072K, 99% used [0x00000000eab00000,0x00000000eadfffa8,0x00000000eae00000)
  from space 3072K, 0% used [0x00000000eae00000,0x00000000eae00000,0x00000000eb100000)
  to   space 3072K, 0% used [0x00000000eb180000,0x00000000eb180000,0x00000000eb480000)
 ParOldGen       total 193536K, used 193283K [0x00000000c0000000, 0x00000000cbd00000, 0x00000000eab00000)
  object space 193536K, 99% used [0x00000000c0000000,0x00000000cbcc0df8,0x00000000cbd00000)
 Metaspace       used 84217K, committed 85504K, reserved 1130496K
  class space    used 8648K, committed 9280K, reserved 1048576K
}
Event: 1381.155 GC heap before
{Heap before GC invocations=3952 (full 784):
 PSYoungGen      total 6144K, used 3071K [0x00000000eab00000, 0x00000000eb480000, 0x0000000100000000)
  eden space 3072K, 99% used [0x00000000eab00000,0x00000000eadffff8,0x00000000eae00000)
  from space 3072K, 0% used [0x00000000eae00000,0x00000000eae00000,0x00000000eb100000)
  to   space 3072K, 0% used [0x00000000eb180000,0x00000000eb180000,0x00000000eb480000)
 ParOldGen       total 193536K, used 193283K [0x00000000c0000000, 0x00000000cbd00000, 0x00000000eab00000)
  object space 193536K, 99% used [0x00000000c0000000,0x00000000cbcc0df8,0x00000000cbd00000)
 Metaspace       used 84217K, committed 85504K, reserved 1130496K
  class space    used 8648K, committed 9280K, reserved 1048576K
}
Event: 1381.372 GC heap after
{Heap after GC invocations=3952 (full 784):
 PSYoungGen      total 6144K, used 3071K [0x00000000eab00000, 0x00000000eb480000, 0x0000000100000000)
  eden space 3072K, 99% used [0x00000000eab00000,0x00000000eadfffc8,0x00000000eae00000)
  from space 3072K, 0% used [0x00000000eb180000,0x00000000eb180000,0x00000000eb480000)
  to   space 3072K, 0% used [0x00000000eae00000,0x00000000eae00000,0x00000000eb100000)
 ParOldGen       total 193536K, used 193283K [0x00000000c0000000, 0x00000000cbd00000, 0x00000000eab00000)
  object space 193536K, 99% used [0x00000000c0000000,0x00000000cbcc0de0,0x00000000cbd00000)
 Metaspace       used 84217K, committed 85504K, reserved 1130496K
  class space    used 8648K, committed 9280K, reserved 1048576K
}
Event: 1381.372 GC heap before
{Heap before GC invocations=3953 (full 785):
 PSYoungGen      total 6144K, used 3071K [0x00000000eab00000, 0x00000000eb480000, 0x0000000100000000)
  eden space 3072K, 99% used [0x00000000eab00000,0x00000000eadffff8,0x00000000eae00000)
  from space 3072K, 0% used [0x00000000eb180000,0x00000000eb180000,0x00000000eb480000)
  to   space 3072K, 0% used [0x00000000eae00000,0x00000000eae00000,0x00000000eb100000)
 ParOldGen       total 193536K, used 193283K [0x00000000c0000000, 0x00000000cbd00000, 0x00000000eab00000)
  object space 193536K, 99% used [0x00000000c0000000,0x00000000cbcc0de0,0x00000000cbd00000)
 Metaspace       used 84217K, committed 85504K, reserved 1130496K
  class space    used 8648K, committed 9280K, reserved 1048576K
}
Event: 1381.583 GC heap after
{Heap after GC invocations=3953 (full 785):
 PSYoungGen      total 6144K, used 3071K [0x00000000eab00000, 0x00000000eb480000, 0x0000000100000000)
  eden space 3072K, 99% used [0x00000000eab00000,0x00000000eadffff8,0x00000000eae00000)
  from space 3072K, 0% used [0x00000000eae00000,0x00000000eae00000,0x00000000eb100000)
  to   space 3072K, 0% used [0x00000000eb180000,0x00000000eb180000,0x00000000eb480000)
 ParOldGen       total 193536K, used 193283K [0x00000000c0000000, 0x00000000cbd00000, 0x00000000eab00000)
  object space 193536K, 99% used [0x00000000c0000000,0x00000000cbcc0dc0,0x00000000cbd00000)
 Metaspace       used 84217K, committed 85504K, reserved 1130496K
  class space    used 8648K, committed 9280K, reserved 1048576K
}
Event: 1381.584 GC heap before
{Heap before GC invocations=3954 (full 786):
 PSYoungGen      total 6144K, used 3071K [0x00000000eab00000, 0x00000000eb480000, 0x0000000100000000)
  eden space 3072K, 99% used [0x00000000eab00000,0x00000000eadffff8,0x00000000eae00000)
  from space 3072K, 0% used [0x00000000eae00000,0x00000000eae00000,0x00000000eb100000)
  to   space 3072K, 0% used [0x00000000eb180000,0x00000000eb180000,0x00000000eb480000)
 ParOldGen       total 193536K, used 193285K [0x00000000c0000000, 0x00000000cbd00000, 0x00000000eab00000)
  object space 193536K, 99% used [0x00000000c0000000,0x00000000cbcc1600,0x00000000cbd00000)
 Metaspace       used 84217K, committed 85504K, reserved 1130496K
  class space    used 8648K, committed 9280K, reserved 1048576K
}
Event: 1381.777 GC heap after
{Heap after GC invocations=3954 (full 786):
 PSYoungGen      total 6144K, used 3071K [0x00000000eab00000, 0x00000000eb480000, 0x0000000100000000)
  eden space 3072K, 99% used [0x00000000eab00000,0x00000000eadfff98,0x00000000eae00000)
  from space 3072K, 0% used [0x00000000eb180000,0x00000000eb180000,0x00000000eb480000)
  to   space 3072K, 0% used [0x00000000eae00000,0x00000000eae00000,0x00000000eb100000)
 ParOldGen       total 193536K, used 193283K [0x00000000c0000000, 0x00000000cbd00000, 0x00000000eab00000)
  object space 193536K, 99% used [0x00000000c0000000,0x00000000cbcc0d88,0x00000000cbd00000)
 Metaspace       used 84217K, committed 85504K, reserved 1130496K
  class space    used 8648K, committed 9280K, reserved 1048576K
}
Event: 1381.777 GC heap before
{Heap before GC invocations=3955 (full 787):
 PSYoungGen      total 6144K, used 3071K [0x00000000eab00000, 0x00000000eb480000, 0x0000000100000000)
  eden space 3072K, 99% used [0x00000000eab00000,0x00000000eadffff0,0x00000000eae00000)
  from space 3072K, 0% used [0x00000000eb180000,0x00000000eb180000,0x00000000eb480000)
  to   space 3072K, 0% used [0x00000000eae00000,0x00000000eae00000,0x00000000eb100000)
 ParOldGen       total 193536K, used 193283K [0x00000000c0000000, 0x00000000cbd00000, 0x00000000eab00000)
  object space 193536K, 99% used [0x00000000c0000000,0x00000000cbcc0d88,0x00000000cbd00000)
 Metaspace       used 84217K, committed 85504K, reserved 1130496K
  class space    used 8648K, committed 9280K, reserved 1048576K
}
Event: 1381.971 GC heap after
{Heap after GC invocations=3955 (full 787):
 PSYoungGen      total 6144K, used 3071K [0x00000000eab00000, 0x00000000eb480000, 0x0000000100000000)
  eden space 3072K, 99% used [0x00000000eab00000,0x00000000eadffff0,0x00000000eae00000)
  from space 3072K, 0% used [0x00000000eae00000,0x00000000eae00000,0x00000000eb100000)
  to   space 3072K, 0% used [0x00000000eb180000,0x00000000eb180000,0x00000000eb480000)
 ParOldGen       total 193536K, used 193283K [0x00000000c0000000, 0x00000000cbd00000, 0x00000000eab00000)
  object space 193536K, 99% used [0x00000000c0000000,0x00000000cbcc0d28,0x00000000cbd00000)
 Metaspace       used 84217K, committed 85504K, reserved 1130496K
  class space    used 8648K, committed 9280K, reserved 1048576K
}
Event: 1381.971 GC heap before
{Heap before GC invocations=3956 (full 788):
 PSYoungGen      total 6144K, used 3072K [0x00000000eab00000, 0x00000000eb480000, 0x0000000100000000)
  eden space 3072K, 100% used [0x00000000eab00000,0x00000000eae00000,0x00000000eae00000)
  from space 3072K, 0% used [0x00000000eae00000,0x00000000eae00000,0x00000000eb100000)
  to   space 3072K, 0% used [0x00000000eb180000,0x00000000eb180000,0x00000000eb480000)
 ParOldGen       total 193536K, used 193285K [0x00000000c0000000, 0x00000000cbd00000, 0x00000000eab00000)
  object space 193536K, 99% used [0x00000000c0000000,0x00000000cbcc1480,0x00000000cbd00000)
 Metaspace       used 84217K, committed 85504K, reserved 1130496K
  class space    used 8648K, committed 9280K, reserved 1048576K
}
Event: 1382.171 GC heap after
{Heap after GC invocations=3956 (full 788):
 PSYoungGen      total 6144K, used 3071K [0x00000000eab00000, 0x00000000eb480000, 0x0000000100000000)
  eden space 3072K, 99% used [0x00000000eab00000,0x00000000eadfffd0,0x00000000eae00000)
  from space 3072K, 0% used [0x00000000eb180000,0x00000000eb180000,0x00000000eb480000)
  to   space 3072K, 0% used [0x00000000eae00000,0x00000000eae00000,0x00000000eb100000)
 ParOldGen       total 193536K, used 193283K [0x00000000c0000000, 0x00000000cbd00000, 0x00000000eab00000)
  object space 193536K, 99% used [0x00000000c0000000,0x00000000cbcc0ef0,0x00000000cbd00000)
 Metaspace       used 84217K, committed 85504K, reserved 1130496K
  class space    used 8648K, committed 9280K, reserved 1048576K
}
Event: 1382.171 GC heap before
{Heap before GC invocations=3957 (full 789):
 PSYoungGen      total 6144K, used 3072K [0x00000000eab00000, 0x00000000eb480000, 0x0000000100000000)
  eden space 3072K, 100% used [0x00000000eab00000,0x00000000eae00000,0x00000000eae00000)
  from space 3072K, 0% used [0x00000000eb180000,0x00000000eb180000,0x00000000eb480000)
  to   space 3072K, 0% used [0x00000000eae00000,0x00000000eae00000,0x00000000eb100000)
 ParOldGen       total 193536K, used 193283K [0x00000000c0000000, 0x00000000cbd00000, 0x00000000eab00000)
  object space 193536K, 99% used [0x00000000c0000000,0x00000000cbcc0ef0,0x00000000cbd00000)
 Metaspace       used 84217K, committed 85504K, reserved 1130496K
  class space    used 8648K, committed 9280K, reserved 1048576K
}
Event: 1382.387 GC heap after
{Heap after GC invocations=3957 (full 789):
 PSYoungGen      total 6144K, used 3072K [0x00000000eab00000, 0x00000000eb480000, 0x0000000100000000)
  eden space 3072K, 100% used [0x00000000eab00000,0x00000000eae00000,0x00000000eae00000)
  from space 3072K, 0% used [0x00000000eae00000,0x00000000eae00000,0x00000000eb100000)
  to   space 3072K, 0% used [0x00000000eb180000,0x00000000eb180000,0x00000000eb480000)
 ParOldGen       total 193536K, used 193283K [0x00000000c0000000, 0x00000000cbd00000, 0x00000000eab00000)
  object space 193536K, 99% used [0x00000000c0000000,0x00000000cbcc0ef0,0x00000000cbd00000)
 Metaspace       used 84217K, committed 85504K, reserved 1130496K
  class space    used 8648K, committed 9280K, reserved 1048576K
}
Event: 1382.387 GC heap before
{Heap before GC invocations=3958 (full 790):
 PSYoungGen      total 6144K, used 3072K [0x00000000eab00000, 0x00000000eb480000, 0x0000000100000000)
  eden space 3072K, 100% used [0x00000000eab00000,0x00000000eae00000,0x00000000eae00000)
  from space 3072K, 0% used [0x00000000eae00000,0x00000000eae00000,0x00000000eb100000)
  to   space 3072K, 0% used [0x00000000eb180000,0x00000000eb180000,0x00000000eb480000)
 ParOldGen       total 193536K, used 193286K [0x00000000c0000000, 0x00000000cbd00000, 0x00000000eab00000)
  object space 193536K, 99% used [0x00000000c0000000,0x00000000cbcc1a80,0x00000000cbd00000)
 Metaspace       used 84217K, committed 85504K, reserved 1130496K
  class space    used 8648K, committed 9280K, reserved 1048576K
}
Event: 1382.581 GC heap after
{Heap after GC invocations=3958 (full 790):
 PSYoungGen      total 6144K, used 3072K [0x00000000eab00000, 0x00000000eb480000, 0x0000000100000000)
  eden space 3072K, 100% used [0x00000000eab00000,0x00000000eae00000,0x00000000eae00000)
  from space 3072K, 0% used [0x00000000eb180000,0x00000000eb180000,0x00000000eb480000)
  to   space 3072K, 0% used [0x00000000eae00000,0x00000000eae00000,0x00000000eb100000)
 ParOldGen       total 193536K, used 193283K [0x00000000c0000000, 0x00000000cbd00000, 0x00000000eab00000)
  object space 193536K, 99% used [0x00000000c0000000,0x00000000cbcc0e80,0x00000000cbd00000)
 Metaspace       used 84217K, committed 85504K, reserved 1130496K
  class space    used 8648K, committed 9280K, reserved 1048576K
}
Event: 1382.581 GC heap before
{Heap before GC invocations=3959 (full 791):
 PSYoungGen      total 6144K, used 3072K [0x00000000eab00000, 0x00000000eb480000, 0x0000000100000000)
  eden space 3072K, 100% used [0x00000000eab00000,0x00000000eae00000,0x00000000eae00000)
  from space 3072K, 0% used [0x00000000eb180000,0x00000000eb180000,0x00000000eb480000)
  to   space 3072K, 0% used [0x00000000eae00000,0x00000000eae00000,0x00000000eb100000)
 ParOldGen       total 193536K, used 193285K [0x00000000c0000000, 0x00000000cbd00000, 0x00000000eab00000)
  object space 193536K, 99% used [0x00000000c0000000,0x00000000cbcc1740,0x00000000cbd00000)
 Metaspace       used 84217K, committed 85504K, reserved 1130496K
  class space    used 8648K, committed 9280K, reserved 1048576K
}
Event: 1382.780 GC heap after
{Heap after GC invocations=3959 (full 791):
 PSYoungGen      total 6144K, used 3072K [0x00000000eab00000, 0x00000000eb480000, 0x0000000100000000)
  eden space 3072K, 100% used [0x00000000eab00000,0x00000000eae00000,0x00000000eae00000)
  from space 3072K, 0% used [0x00000000eae00000,0x00000000eae00000,0x00000000eb100000)
  to   space 3072K, 0% used [0x00000000eb180000,0x00000000eb180000,0x00000000eb480000)
 ParOldGen       total 193536K, used 193284K [0x00000000c0000000, 0x00000000cbd00000, 0x00000000eab00000)
  object space 193536K, 99% used [0x00000000c0000000,0x00000000cbcc1100,0x00000000cbd00000)
 Metaspace       used 84217K, committed 85504K, reserved 1130496K
  class space    used 8648K, committed 9280K, reserved 1048576K
}
Event: 1382.781 GC heap before
{Heap before GC invocations=3960 (full 792):
 PSYoungGen      total 6144K, used 3072K [0x00000000eab00000, 0x00000000eb480000, 0x0000000100000000)
  eden space 3072K, 100% used [0x00000000eab00000,0x00000000eae00000,0x00000000eae00000)
  from space 3072K, 0% used [0x00000000eae00000,0x00000000eae00000,0x00000000eb100000)
  to   space 3072K, 0% used [0x00000000eb180000,0x00000000eb180000,0x00000000eb480000)
 ParOldGen       total 193536K, used 193287K [0x00000000c0000000, 0x00000000cbd00000, 0x00000000eab00000)
  object space 193536K, 99% used [0x00000000c0000000,0x00000000cbcc1ee0,0x00000000cbd00000)
 Metaspace       used 84217K, committed 85504K, reserved 1130496K
  class space    used 8648K, committed 9280K, reserved 1048576K
}
Event: 1383.005 GC heap after
{Heap after GC invocations=3960 (full 792):
 PSYoungGen      total 6144K, used 3071K [0x00000000eab00000, 0x00000000eb480000, 0x0000000100000000)
  eden space 3072K, 99% used [0x00000000eab00000,0x00000000eadfffa8,0x00000000eae00000)
  from space 3072K, 0% used [0x00000000eb180000,0x00000000eb180000,0x00000000eb480000)
  to   space 3072K, 0% used [0x00000000eae00000,0x00000000eae00000,0x00000000eb100000)
 ParOldGen       total 193536K, used 193283K [0x00000000c0000000, 0x00000000cbd00000, 0x00000000eab00000)
  object space 193536K, 99% used [0x00000000c0000000,0x00000000cbcc0f80,0x00000000cbd00000)
 Metaspace       used 84217K, committed 85504K, reserved 1130496K
  class space    used 8648K, committed 9280K, reserved 1048576K
}
Event: 1383.005 GC heap before
{Heap before GC invocations=3961 (full 793):
 PSYoungGen      total 6144K, used 3071K [0x00000000eab00000, 0x00000000eb480000, 0x0000000100000000)
  eden space 3072K, 99% used [0x00000000eab00000,0x00000000eadfffd8,0x00000000eae00000)
  from space 3072K, 0% used [0x00000000eb180000,0x00000000eb180000,0x00000000eb480000)
  to   space 3072K, 0% used [0x00000000eae00000,0x00000000eae00000,0x00000000eb100000)
 ParOldGen       total 193536K, used 193283K [0x00000000c0000000, 0x00000000cbd00000, 0x00000000eab00000)
  object space 193536K, 99% used [0x00000000c0000000,0x00000000cbcc0f80,0x00000000cbd00000)
 Metaspace       used 84217K, committed 85504K, reserved 1130496K
  class space    used 8648K, committed 9280K, reserved 1048576K
}

